Analysis & Synthesis report for DE1_SoC
Thu Mar 09 16:45:18 2017
Quartus II 64-Bit Version 14.1.0 Build 186 12/03/2014 SJ Full Version


---------------------
; Table of Contents ;
---------------------
  1. Legal Notice
  2. Analysis & Synthesis Summary
  3. Analysis & Synthesis Settings
  4. Parallel Compilation
  5. Analysis & Synthesis Source Files Read
  6. Analysis & Synthesis Resource Usage Summary
  7. Analysis & Synthesis Resource Utilization by Entity
  8. Registers Removed During Synthesis
  9. General Register Statistics
 10. Multiplexer Restructuring Statistics (Restructuring Performed)
 11. Parameter Settings for User Entity Instance: Top-level Entity: |DE1_SoC
 12. Parameter Settings for User Entity Instance: scoreReport:display0
 13. Parameter Settings for User Entity Instance: scoreReport:display1
 14. Parameter Settings for User Entity Instance: scoreReport:display2
 15. Port Connectivity Checks: "scoreReport:display2"
 16. Port Connectivity Checks: "scoreReport:display1"
 17. Port Connectivity Checks: "scoreReport:display0"
 18. Port Connectivity Checks: "led_matrix_driver:led_array"
 19. Port Connectivity Checks: "CC:l7"
 20. Port Connectivity Checks: "CC:l6"
 21. Port Connectivity Checks: "CC:l5"
 22. Port Connectivity Checks: "CC:l4"
 23. Port Connectivity Checks: "CC:l3"
 24. Port Connectivity Checks: "CC:l2"
 25. Port Connectivity Checks: "CC:l1"
 26. Port Connectivity Checks: "CC:l0"
 27. Port Connectivity Checks: "clock_divider:cdiv"
 28. Post-Synthesis Netlist Statistics for Top Partition
 29. Elapsed Time Per Partition
 30. Analysis & Synthesis Messages
 31. Analysis & Synthesis Suppressed Messages



----------------
; Legal Notice ;
----------------
Copyright (C) 1991-2014 Altera Corporation. All rights reserved.
Your use of Altera Corporation's design tools, logic functions 
and other software and tools, and its AMPP partner logic 
functions, and any output files from any of the foregoing 
(including device programming or simulation files), and any 
associated documentation or information are expressly subject 
to the terms and conditions of the Altera Program License 
Subscription Agreement, the Altera Quartus II License Agreement,
the Altera MegaCore Function License Agreement, or other 
applicable license agreement, including, without limitation, 
that your use is for the sole purpose of programming logic 
devices manufactured by Altera and sold by Altera or its 
authorized distributors.  Please refer to the applicable 
agreement for further details.



+-------------------------------------------------------------------------------+
; Analysis & Synthesis Summary                                                  ;
+---------------------------------+---------------------------------------------+
; Analysis & Synthesis Status     ; Successful - Thu Mar 09 16:45:18 2017       ;
; Quartus II 64-Bit Version       ; 14.1.0 Build 186 12/03/2014 SJ Full Version ;
; Revision Name                   ; DE1_SoC                                     ;
; Top-level Entity Name           ; DE1_SoC                                     ;
; Family                          ; Cyclone V                                   ;
; Logic utilization (in ALMs)     ; N/A                                         ;
; Total registers                 ; 148                                         ;
; Total pins                      ; 103                                         ;
; Total virtual pins              ; 0                                           ;
; Total block memory bits         ; 0                                           ;
; Total DSP Blocks                ; 0                                           ;
; Total HSSI RX PCSs              ; 0                                           ;
; Total HSSI PMA RX Deserializers ; 0                                           ;
; Total HSSI TX PCSs              ; 0                                           ;
; Total HSSI PMA TX Serializers   ; 0                                           ;
; Total PLLs                      ; 0                                           ;
; Total DLLs                      ; 0                                           ;
+---------------------------------+---------------------------------------------+


+---------------------------------------------------------------------------------------------------------------------------+
; Analysis & Synthesis Settings                                                                                             ;
+---------------------------------------------------------------------------------+--------------------+--------------------+
; Option                                                                          ; Setting            ; Default Value      ;
+---------------------------------------------------------------------------------+--------------------+--------------------+
; Device                                                                          ; 5CSEMA5F31C6       ;                    ;
; Top-level entity name                                                           ; DE1_SoC            ; DE1_SoC            ;
; Family name                                                                     ; Cyclone V          ; Cyclone IV GX      ;
; State Machine Processing                                                        ; User-Encoded       ; Auto               ;
; Use smart compilation                                                           ; Off                ; Off                ;
; Enable parallel Assembler and TimeQuest Timing Analyzer during compilation      ; On                 ; On                 ;
; Enable compact report table                                                     ; Off                ; Off                ;
; Restructure Multiplexers                                                        ; Auto               ; Auto               ;
; MLAB Add Timing Constraints For Mixed-Port Feed-Through Mode Setting Don't Care ; Off                ; Off                ;
; Create Debugging Nodes for IP Cores                                             ; Off                ; Off                ;
; Preserve fewer node names                                                       ; On                 ; On                 ;
; Disable OpenCore Plus hardware evaluation                                       ; Off                ; Off                ;
; Verilog Version                                                                 ; Verilog_2001       ; Verilog_2001       ;
; VHDL Version                                                                    ; VHDL_1993          ; VHDL_1993          ;
; Safe State Machine                                                              ; Off                ; Off                ;
; Extract Verilog State Machines                                                  ; On                 ; On                 ;
; Extract VHDL State Machines                                                     ; On                 ; On                 ;
; Ignore Verilog initial constructs                                               ; Off                ; Off                ;
; Iteration limit for constant Verilog loops                                      ; 5000               ; 5000               ;
; Iteration limit for non-constant Verilog loops                                  ; 250                ; 250                ;
; Add Pass-Through Logic to Inferred RAMs                                         ; On                 ; On                 ;
; Infer RAMs from Raw Logic                                                       ; On                 ; On                 ;
; Parallel Synthesis                                                              ; On                 ; On                 ;
; DSP Block Balancing                                                             ; Auto               ; Auto               ;
; NOT Gate Push-Back                                                              ; On                 ; On                 ;
; Power-Up Don't Care                                                             ; On                 ; On                 ;
; Remove Redundant Logic Cells                                                    ; Off                ; Off                ;
; Remove Duplicate Registers                                                      ; On                 ; On                 ;
; Ignore CARRY Buffers                                                            ; Off                ; Off                ;
; Ignore CASCADE Buffers                                                          ; Off                ; Off                ;
; Ignore GLOBAL Buffers                                                           ; Off                ; Off                ;
; Ignore ROW GLOBAL Buffers                                                       ; Off                ; Off                ;
; Ignore LCELL Buffers                                                            ; Off                ; Off                ;
; Ignore SOFT Buffers                                                             ; On                 ; On                 ;
; Limit AHDL Integers to 32 Bits                                                  ; Off                ; Off                ;
; Optimization Technique                                                          ; Balanced           ; Balanced           ;
; Carry Chain Length                                                              ; 70                 ; 70                 ;
; Auto Carry Chains                                                               ; On                 ; On                 ;
; Auto Open-Drain Pins                                                            ; On                 ; On                 ;
; Perform WYSIWYG Primitive Resynthesis                                           ; Off                ; Off                ;
; Auto ROM Replacement                                                            ; On                 ; On                 ;
; Auto RAM Replacement                                                            ; On                 ; On                 ;
; Auto DSP Block Replacement                                                      ; On                 ; On                 ;
; Auto Shift Register Replacement                                                 ; Auto               ; Auto               ;
; Allow Shift Register Merging across Hierarchies                                 ; Auto               ; Auto               ;
; Auto Clock Enable Replacement                                                   ; On                 ; On                 ;
; Strict RAM Replacement                                                          ; Off                ; Off                ;
; Allow Synchronous Control Signals                                               ; On                 ; On                 ;
; Force Use of Synchronous Clear Signals                                          ; Off                ; Off                ;
; Auto Resource Sharing                                                           ; Off                ; Off                ;
; Allow Any RAM Size For Recognition                                              ; Off                ; Off                ;
; Allow Any ROM Size For Recognition                                              ; Off                ; Off                ;
; Allow Any Shift Register Size For Recognition                                   ; Off                ; Off                ;
; Use LogicLock Constraints during Resource Balancing                             ; On                 ; On                 ;
; Ignore translate_off and synthesis_off directives                               ; Off                ; Off                ;
; Timing-Driven Synthesis                                                         ; On                 ; On                 ;
; Report Parameter Settings                                                       ; On                 ; On                 ;
; Report Source Assignments                                                       ; On                 ; On                 ;
; Report Connectivity Checks                                                      ; On                 ; On                 ;
; Ignore Maximum Fan-Out Assignments                                              ; Off                ; Off                ;
; Synchronization Register Chain Length                                           ; 3                  ; 3                  ;
; PowerPlay Power Optimization During Synthesis                                   ; Normal compilation ; Normal compilation ;
; HDL message level                                                               ; Level2             ; Level2             ;
; Suppress Register Optimization Related Messages                                 ; Off                ; Off                ;
; Number of Removed Registers Reported in Synthesis Report                        ; 5000               ; 5000               ;
; Number of Swept Nodes Reported in Synthesis Report                              ; 5000               ; 5000               ;
; Number of Inverted Registers Reported in Synthesis Report                       ; 100                ; 100                ;
; Clock MUX Protection                                                            ; On                 ; On                 ;
; Auto Gated Clock Conversion                                                     ; Off                ; Off                ;
; Block Design Naming                                                             ; Auto               ; Auto               ;
; SDC constraint protection                                                       ; Off                ; Off                ;
; Synthesis Effort                                                                ; Auto               ; Auto               ;
; Shift Register Replacement - Allow Asynchronous Clear Signal                    ; On                 ; On                 ;
; Pre-Mapping Resynthesis Optimization                                            ; Off                ; Off                ;
; Analysis & Synthesis Message Level                                              ; Medium             ; Medium             ;
; Disable Register Merging Across Hierarchies                                     ; Auto               ; Auto               ;
; Resource Aware Inference For Block RAM                                          ; On                 ; On                 ;
; Synthesis Seed                                                                  ; 1                  ; 1                  ;
; Automatic Parallel Synthesis                                                    ; On                 ; On                 ;
; Partial Reconfiguration Bitstream ID                                            ; Off                ; Off                ;
+---------------------------------------------------------------------------------+--------------------+--------------------+


+------------------------------------------+
; Parallel Compilation                     ;
+----------------------------+-------------+
; Processors                 ; Number      ;
+----------------------------+-------------+
; Number detected on machine ; 4           ;
; Maximum allowed            ; 4           ;
;                            ;             ;
; Average used               ; 1.00        ;
; Maximum used               ; 1           ;
;                            ;             ;
; Usage by Processor         ; % Time Used ;
;     Processor 1            ; 100.0%      ;
;     Processors 2-4         ;   0.0%      ;
+----------------------------+-------------+


+----------------------------------------------------------------------------------------------------------------------------------+
; Analysis & Synthesis Source Files Read                                                                                           ;
+----------------------------------+-----------------+------------------------------+------------------------------------+---------+
; File Name with User-Entered Path ; Used in Netlist ; File Type                    ; File Name with Absolute Path       ; Library ;
+----------------------------------+-----------------+------------------------------+------------------------------------+---------+
; LFSR.sv                          ; yes             ; User SystemVerilog HDL File  ; U:/EE271/Lab8/LFSR.sv              ;         ;
; LFSR_3.sv                        ; yes             ; User SystemVerilog HDL File  ; U:/EE271/Lab8/LFSR_3.sv            ;         ;
; gameStart.sv                     ; yes             ; User SystemVerilog HDL File  ; U:/EE271/Lab8/gameStart.sv         ;         ;
; CC.sv                            ; yes             ; User SystemVerilog HDL File  ; U:/EE271/Lab8/CC.sv                ;         ;
; DE1_SoC.sv                       ; yes             ; User SystemVerilog HDL File  ; U:/EE271/Lab8/DE1_SoC.sv           ;         ;
; userInput.sv                     ; yes             ; User SystemVerilog HDL File  ; U:/EE271/Lab8/userInput.sv         ;         ;
; pipeGenerator.sv                 ; yes             ; User SystemVerilog HDL File  ; U:/EE271/Lab8/pipeGenerator.sv     ;         ;
; pipeShifter.sv                   ; yes             ; User SystemVerilog HDL File  ; U:/EE271/Lab8/pipeShifter.sv       ;         ;
; gameOver.sv                      ; yes             ; User SystemVerilog HDL File  ; U:/EE271/Lab8/gameOver.sv          ;         ;
; scoreReport.sv                   ; yes             ; User SystemVerilog HDL File  ; U:/EE271/Lab8/scoreReport.sv       ;         ;
; led_matrix_driver.sv             ; yes             ; User SystemVerilog HDL File  ; U:/EE271/Lab8/led_matrix_driver.sv ;         ;
+----------------------------------+-----------------+------------------------------+------------------------------------+---------+


+-------------------------------------------------------------------------------------+
; Analysis & Synthesis Resource Usage Summary                                         ;
+---------------------------------------------+---------------------------------------+
; Resource                                    ; Usage                                 ;
+---------------------------------------------+---------------------------------------+
; Estimate of Logic utilization (ALMs needed) ; 122                                   ;
;                                             ;                                       ;
; Combinational ALUT usage for logic          ; 187                                   ;
;     -- 7 input functions                    ; 2                                     ;
;     -- 6 input functions                    ; 47                                    ;
;     -- 5 input functions                    ; 20                                    ;
;     -- 4 input functions                    ; 42                                    ;
;     -- <=3 input functions                  ; 76                                    ;
;                                             ;                                       ;
; Dedicated logic registers                   ; 148                                   ;
;                                             ;                                       ;
; I/O pins                                    ; 103                                   ;
;                                             ;                                       ;
; Total DSP Blocks                            ; 0                                     ;
;                                             ;                                       ;
; Maximum fan-out node                        ; clock_divider:cdiv|divided_clocks[16] ;
; Maximum fan-out                             ; 132                                   ;
; Total fan-out                               ; 1387                                  ;
; Average fan-out                             ; 2.56                                  ;
+---------------------------------------------+---------------------------------------+


+----------------------------------------------------------------------------------------------------------------------------------------------------------------------------------+
; Analysis & Synthesis Resource Utilization by Entity                                                                                                                              ;
+----------------------------------+-------------------+--------------+-------------------+------------+------+--------------+--------------------------------------+--------------+
; Compilation Hierarchy Node       ; LC Combinationals ; LC Registers ; Block Memory Bits ; DSP Blocks ; Pins ; Virtual Pins ; Full Hierarchy Name                  ; Library Name ;
+----------------------------------+-------------------+--------------+-------------------+------------+------+--------------+--------------------------------------+--------------+
; |DE1_SoC                         ; 187 (0)           ; 148 (2)      ; 0                 ; 0          ; 103  ; 0            ; |DE1_SoC                             ; work         ;
;    |CC:l0|                       ; 8 (8)             ; 8 (8)        ; 0                 ; 0          ; 0    ; 0            ; |DE1_SoC|CC:l0                       ; work         ;
;    |CC:l1|                       ; 3 (3)             ; 1 (1)        ; 0                 ; 0          ; 0    ; 0            ; |DE1_SoC|CC:l1                       ; work         ;
;    |CC:l2|                       ; 1 (1)             ; 1 (1)        ; 0                 ; 0          ; 0    ; 0            ; |DE1_SoC|CC:l2                       ; work         ;
;    |CC:l3|                       ; 1 (1)             ; 1 (1)        ; 0                 ; 0          ; 0    ; 0            ; |DE1_SoC|CC:l3                       ; work         ;
;    |CC:l4|                       ; 2 (2)             ; 1 (1)        ; 0                 ; 0          ; 0    ; 0            ; |DE1_SoC|CC:l4                       ; work         ;
;    |CC:l5|                       ; 1 (1)             ; 1 (1)        ; 0                 ; 0          ; 0    ; 0            ; |DE1_SoC|CC:l5                       ; work         ;
;    |CC:l6|                       ; 1 (1)             ; 1 (1)        ; 0                 ; 0          ; 0    ; 0            ; |DE1_SoC|CC:l6                       ; work         ;
;    |CC:l7|                       ; 1 (1)             ; 1 (1)        ; 0                 ; 0          ; 0    ; 0            ; |DE1_SoC|CC:l7                       ; work         ;
;    |LFSR_3:random|               ; 3 (0)             ; 3 (0)        ; 0                 ; 0          ; 0    ; 0            ; |DE1_SoC|LFSR_3:random               ; work         ;
;       |LFSR:bit0|                ; 1 (1)             ; 1 (1)        ; 0                 ; 0          ; 0    ; 0            ; |DE1_SoC|LFSR_3:random|LFSR:bit0     ; work         ;
;       |LFSR:bit1|                ; 1 (1)             ; 1 (1)        ; 0                 ; 0          ; 0    ; 0            ; |DE1_SoC|LFSR_3:random|LFSR:bit1     ; work         ;
;       |LFSR:bit2|                ; 1 (1)             ; 1 (1)        ; 0                 ; 0          ; 0    ; 0            ; |DE1_SoC|LFSR_3:random|LFSR:bit2     ; work         ;
;    |clock_divider:cdiv|          ; 17 (17)           ; 17 (17)      ; 0                 ; 0          ; 0    ; 0            ; |DE1_SoC|clock_divider:cdiv          ; work         ;
;    |gameOver:isOver|             ; 9 (9)             ; 9 (9)        ; 0                 ; 0          ; 0    ; 0            ; |DE1_SoC|gameOver:isOver             ; work         ;
;    |gameStart:gameActivate|      ; 1 (1)             ; 1 (1)        ; 0                 ; 0          ; 0    ; 0            ; |DE1_SoC|gameStart:gameActivate      ; work         ;
;    |led_matrix_driver:led_array| ; 43 (43)           ; 3 (3)        ; 0                 ; 0          ; 0    ; 0            ; |DE1_SoC|led_matrix_driver:led_array ; work         ;
;    |pipeGenerator:pipe0|         ; 20 (20)           ; 18 (18)      ; 0                 ; 0          ; 0    ; 0            ; |DE1_SoC|pipeGenerator:pipe0         ; work         ;
;    |pipeShifter:pipe1|           ; 0 (0)             ; 8 (8)        ; 0                 ; 0          ; 0    ; 0            ; |DE1_SoC|pipeShifter:pipe1           ; work         ;
;    |pipeShifter:pipe2|           ; 0 (0)             ; 8 (8)        ; 0                 ; 0          ; 0    ; 0            ; |DE1_SoC|pipeShifter:pipe2           ; work         ;
;    |pipeShifter:pipe3|           ; 1 (1)             ; 8 (8)        ; 0                 ; 0          ; 0    ; 0            ; |DE1_SoC|pipeShifter:pipe3           ; work         ;
;    |pipeShifter:pipe4|           ; 0 (0)             ; 8 (8)        ; 0                 ; 0          ; 0    ; 0            ; |DE1_SoC|pipeShifter:pipe4           ; work         ;
;    |pipeShifter:pipe5|           ; 0 (0)             ; 8 (8)        ; 0                 ; 0          ; 0    ; 0            ; |DE1_SoC|pipeShifter:pipe5           ; work         ;
;    |pipeShifter:pipe6|           ; 0 (0)             ; 8 (8)        ; 0                 ; 0          ; 0    ; 0            ; |DE1_SoC|pipeShifter:pipe6           ; work         ;
;    |pipeShifter:pipe7|           ; 0 (0)             ; 8 (8)        ; 0                 ; 0          ; 0    ; 0            ; |DE1_SoC|pipeShifter:pipe7           ; work         ;
;    |scoreReport:display0|        ; 24 (24)           ; 7 (7)        ; 0                 ; 0          ; 0    ; 0            ; |DE1_SoC|scoreReport:display0        ; work         ;
;    |scoreReport:display1|        ; 23 (23)           ; 7 (7)        ; 0                 ; 0          ; 0    ; 0            ; |DE1_SoC|scoreReport:display1        ; work         ;
;    |scoreReport:display2|        ; 26 (26)           ; 7 (7)        ; 0                 ; 0          ; 0    ; 0            ; |DE1_SoC|scoreReport:display2        ; work         ;
;    |userInput:user|              ; 2 (2)             ; 3 (3)        ; 0                 ; 0          ; 0    ; 0            ; |DE1_SoC|userInput:user              ; work         ;
+----------------------------------+-------------------+--------------+-------------------+------------+------+--------------+--------------------------------------+--------------+
Note: For table entries with two numbers listed, the numbers in parentheses indicate the number of resources of the given type used by the specific entity alone. The numbers listed outside of parentheses indicate the total resources of the given type used by the specific entity and all of its sub-entities in the hierarchy.


+--------------------------------------------------------------------------------------+
; Registers Removed During Synthesis                                                   ;
+-------------------------------------------+------------------------------------------+
; Register name                             ; Reason for Removal                       ;
+-------------------------------------------+------------------------------------------+
; pipeShifter:pipe1|count[7]                ; Merged with pipeGenerator:pipe0|count[7] ;
; pipeShifter:pipe2|count[7]                ; Merged with pipeGenerator:pipe0|count[7] ;
; pipeShifter:pipe3|count[7]                ; Merged with pipeGenerator:pipe0|count[7] ;
; pipeShifter:pipe4|count[7]                ; Merged with pipeGenerator:pipe0|count[7] ;
; pipeShifter:pipe5|count[7]                ; Merged with pipeGenerator:pipe0|count[7] ;
; pipeShifter:pipe6|count[7]                ; Merged with pipeGenerator:pipe0|count[7] ;
; pipeShifter:pipe7|count[7]                ; Merged with pipeGenerator:pipe0|count[7] ;
; pipeShifter:pipe1|count[6]                ; Merged with pipeGenerator:pipe0|count[6] ;
; pipeShifter:pipe2|count[6]                ; Merged with pipeGenerator:pipe0|count[6] ;
; pipeShifter:pipe3|count[6]                ; Merged with pipeGenerator:pipe0|count[6] ;
; pipeShifter:pipe4|count[6]                ; Merged with pipeGenerator:pipe0|count[6] ;
; pipeShifter:pipe5|count[6]                ; Merged with pipeGenerator:pipe0|count[6] ;
; pipeShifter:pipe6|count[6]                ; Merged with pipeGenerator:pipe0|count[6] ;
; pipeShifter:pipe7|count[6]                ; Merged with pipeGenerator:pipe0|count[6] ;
; pipeShifter:pipe1|count[5]                ; Merged with pipeGenerator:pipe0|count[5] ;
; pipeShifter:pipe2|count[5]                ; Merged with pipeGenerator:pipe0|count[5] ;
; pipeShifter:pipe3|count[5]                ; Merged with pipeGenerator:pipe0|count[5] ;
; pipeShifter:pipe4|count[5]                ; Merged with pipeGenerator:pipe0|count[5] ;
; pipeShifter:pipe5|count[5]                ; Merged with pipeGenerator:pipe0|count[5] ;
; pipeShifter:pipe6|count[5]                ; Merged with pipeGenerator:pipe0|count[5] ;
; pipeShifter:pipe7|count[5]                ; Merged with pipeGenerator:pipe0|count[5] ;
; pipeShifter:pipe1|count[4]                ; Merged with pipeGenerator:pipe0|count[4] ;
; pipeShifter:pipe2|count[4]                ; Merged with pipeGenerator:pipe0|count[4] ;
; pipeShifter:pipe3|count[4]                ; Merged with pipeGenerator:pipe0|count[4] ;
; pipeShifter:pipe4|count[4]                ; Merged with pipeGenerator:pipe0|count[4] ;
; pipeShifter:pipe5|count[4]                ; Merged with pipeGenerator:pipe0|count[4] ;
; pipeShifter:pipe6|count[4]                ; Merged with pipeGenerator:pipe0|count[4] ;
; pipeShifter:pipe7|count[4]                ; Merged with pipeGenerator:pipe0|count[4] ;
; pipeShifter:pipe1|count[3]                ; Merged with pipeGenerator:pipe0|count[3] ;
; pipeShifter:pipe2|count[3]                ; Merged with pipeGenerator:pipe0|count[3] ;
; pipeShifter:pipe3|count[3]                ; Merged with pipeGenerator:pipe0|count[3] ;
; pipeShifter:pipe4|count[3]                ; Merged with pipeGenerator:pipe0|count[3] ;
; pipeShifter:pipe5|count[3]                ; Merged with pipeGenerator:pipe0|count[3] ;
; pipeShifter:pipe6|count[3]                ; Merged with pipeGenerator:pipe0|count[3] ;
; pipeShifter:pipe7|count[3]                ; Merged with pipeGenerator:pipe0|count[3] ;
; pipeShifter:pipe1|count[2]                ; Merged with pipeGenerator:pipe0|count[2] ;
; pipeShifter:pipe2|count[2]                ; Merged with pipeGenerator:pipe0|count[2] ;
; pipeShifter:pipe3|count[2]                ; Merged with pipeGenerator:pipe0|count[2] ;
; pipeShifter:pipe4|count[2]                ; Merged with pipeGenerator:pipe0|count[2] ;
; pipeShifter:pipe5|count[2]                ; Merged with pipeGenerator:pipe0|count[2] ;
; pipeShifter:pipe6|count[2]                ; Merged with pipeGenerator:pipe0|count[2] ;
; pipeShifter:pipe7|count[2]                ; Merged with pipeGenerator:pipe0|count[2] ;
; pipeShifter:pipe1|count[1]                ; Merged with pipeGenerator:pipe0|count[1] ;
; pipeShifter:pipe2|count[1]                ; Merged with pipeGenerator:pipe0|count[1] ;
; pipeShifter:pipe3|count[1]                ; Merged with pipeGenerator:pipe0|count[1] ;
; pipeShifter:pipe4|count[1]                ; Merged with pipeGenerator:pipe0|count[1] ;
; pipeShifter:pipe5|count[1]                ; Merged with pipeGenerator:pipe0|count[1] ;
; pipeShifter:pipe6|count[1]                ; Merged with pipeGenerator:pipe0|count[1] ;
; pipeShifter:pipe7|count[1]                ; Merged with pipeGenerator:pipe0|count[1] ;
; pipeShifter:pipe1|count[0]                ; Merged with pipeGenerator:pipe0|count[0] ;
; pipeShifter:pipe2|count[0]                ; Merged with pipeGenerator:pipe0|count[0] ;
; pipeShifter:pipe3|count[0]                ; Merged with pipeGenerator:pipe0|count[0] ;
; pipeShifter:pipe4|count[0]                ; Merged with pipeGenerator:pipe0|count[0] ;
; pipeShifter:pipe5|count[0]                ; Merged with pipeGenerator:pipe0|count[0] ;
; pipeShifter:pipe6|count[0]                ; Merged with pipeGenerator:pipe0|count[0] ;
; pipeShifter:pipe7|count[0]                ; Merged with pipeGenerator:pipe0|count[0] ;
; CC:l1|count[6]                            ; Merged with CC:l0|count[6]               ;
; CC:l2|count[6]                            ; Merged with CC:l0|count[6]               ;
; CC:l3|count[6]                            ; Merged with CC:l0|count[6]               ;
; CC:l4|count[6]                            ; Merged with CC:l0|count[6]               ;
; CC:l5|count[6]                            ; Merged with CC:l0|count[6]               ;
; CC:l6|count[6]                            ; Merged with CC:l0|count[6]               ;
; CC:l7|count[6]                            ; Merged with CC:l0|count[6]               ;
; CC:l1|count[5]                            ; Merged with CC:l0|count[5]               ;
; CC:l2|count[5]                            ; Merged with CC:l0|count[5]               ;
; CC:l3|count[5]                            ; Merged with CC:l0|count[5]               ;
; CC:l4|count[5]                            ; Merged with CC:l0|count[5]               ;
; CC:l5|count[5]                            ; Merged with CC:l0|count[5]               ;
; CC:l6|count[5]                            ; Merged with CC:l0|count[5]               ;
; CC:l7|count[5]                            ; Merged with CC:l0|count[5]               ;
; CC:l1|count[4]                            ; Merged with CC:l0|count[4]               ;
; CC:l2|count[4]                            ; Merged with CC:l0|count[4]               ;
; CC:l3|count[4]                            ; Merged with CC:l0|count[4]               ;
; CC:l4|count[4]                            ; Merged with CC:l0|count[4]               ;
; CC:l5|count[4]                            ; Merged with CC:l0|count[4]               ;
; CC:l6|count[4]                            ; Merged with CC:l0|count[4]               ;
; CC:l7|count[4]                            ; Merged with CC:l0|count[4]               ;
; CC:l1|count[3]                            ; Merged with CC:l0|count[3]               ;
; CC:l2|count[3]                            ; Merged with CC:l0|count[3]               ;
; CC:l3|count[3]                            ; Merged with CC:l0|count[3]               ;
; CC:l4|count[3]                            ; Merged with CC:l0|count[3]               ;
; CC:l5|count[3]                            ; Merged with CC:l0|count[3]               ;
; CC:l6|count[3]                            ; Merged with CC:l0|count[3]               ;
; CC:l7|count[3]                            ; Merged with CC:l0|count[3]               ;
; CC:l1|count[2]                            ; Merged with CC:l0|count[2]               ;
; CC:l2|count[2]                            ; Merged with CC:l0|count[2]               ;
; CC:l3|count[2]                            ; Merged with CC:l0|count[2]               ;
; CC:l4|count[2]                            ; Merged with CC:l0|count[2]               ;
; CC:l5|count[2]                            ; Merged with CC:l0|count[2]               ;
; CC:l6|count[2]                            ; Merged with CC:l0|count[2]               ;
; CC:l7|count[2]                            ; Merged with CC:l0|count[2]               ;
; CC:l1|count[1]                            ; Merged with CC:l0|count[1]               ;
; CC:l2|count[1]                            ; Merged with CC:l0|count[1]               ;
; CC:l3|count[1]                            ; Merged with CC:l0|count[1]               ;
; CC:l4|count[1]                            ; Merged with CC:l0|count[1]               ;
; CC:l5|count[1]                            ; Merged with CC:l0|count[1]               ;
; CC:l6|count[1]                            ; Merged with CC:l0|count[1]               ;
; CC:l7|count[1]                            ; Merged with CC:l0|count[1]               ;
; CC:l1|count[0]                            ; Merged with CC:l0|count[0]               ;
; CC:l2|count[0]                            ; Merged with CC:l0|count[0]               ;
; CC:l3|count[0]                            ; Merged with CC:l0|count[0]               ;
; CC:l4|count[0]                            ; Merged with CC:l0|count[0]               ;
; CC:l5|count[0]                            ; Merged with CC:l0|count[0]               ;
; CC:l6|count[0]                            ; Merged with CC:l0|count[0]               ;
; CC:l7|count[0]                            ; Merged with CC:l0|count[0]               ;
; clock_divider:cdiv|divided_clocks[17..31] ; Lost fanout                              ;
; Total Number of Removed Registers = 120   ;                                          ;
+-------------------------------------------+------------------------------------------+


+------------------------------------------------------+
; General Register Statistics                          ;
+----------------------------------------------+-------+
; Statistic                                    ; Value ;
+----------------------------------------------+-------+
; Total registers                              ; 148   ;
; Number of registers using Synchronous Clear  ; 111   ;
; Number of registers using Synchronous Load   ; 3     ;
; Number of registers using Asynchronous Clear ; 0     ;
; Number of registers using Asynchronous Load  ; 0     ;
; Number of registers using Clock Enable       ; 89    ;
; Number of registers using Preset             ; 0     ;
+----------------------------------------------+-------+


+----------------------------------------------------------------------------------------------------------------------------------------------------------+
; Multiplexer Restructuring Statistics (Restructuring Performed)                                                                                           ;
+--------------------+-----------+---------------+----------------------+------------------------+------------+--------------------------------------------+
; Multiplexer Inputs ; Bus Width ; Baseline Area ; Area if Restructured ; Saving if Restructured ; Registered ; Example Multiplexer Output                 ;
+--------------------+-----------+---------------+----------------------+------------------------+------------+--------------------------------------------+
; 3:1                ; 6 bits    ; 12 LEs        ; 6 LEs                ; 6 LEs                  ; Yes        ; |DE1_SoC|scoreReport:display0|ps[1]        ;
; 3:1                ; 6 bits    ; 12 LEs        ; 6 LEs                ; 6 LEs                  ; Yes        ; |DE1_SoC|scoreReport:display1|ps[3]        ;
; 3:1                ; 6 bits    ; 12 LEs        ; 6 LEs                ; 6 LEs                  ; Yes        ; |DE1_SoC|scoreReport:display2|ps[3]        ;
; 3:1                ; 2 bits    ; 4 LEs         ; 2 LEs                ; 2 LEs                  ; Yes        ; |DE1_SoC|pipeGenerator:pipe0|gap[0]        ;
; 4:1                ; 57 bits   ; 114 LEs       ; 0 LEs                ; 114 LEs                ; Yes        ; |DE1_SoC|pipeShifter:pipe3|ps[4]           ;
; 5:1                ; 3 bits    ; 9 LEs         ; 6 LEs                ; 3 LEs                  ; Yes        ; |DE1_SoC|pipeGenerator:pipe0|ps[5]         ;
; 12:1               ; 4 bits    ; 32 LEs        ; 24 LEs               ; 8 LEs                  ; Yes        ; |DE1_SoC|pipeGenerator:pipe0|ps[6]         ;
; 8:1                ; 8 bits    ; 40 LEs        ; 40 LEs               ; 0 LEs                  ; No         ; |DE1_SoC|led_matrix_driver:led_array|Mux13 ;
+--------------------+-----------+---------------+----------------------+------------------------+------------+--------------------------------------------+


+-------------------------------------------------------------------------+
; Parameter Settings for User Entity Instance: Top-level Entity: |DE1_SoC ;
+----------------+-------+------------------------------------------------+
; Parameter Name ; Value ; Type                                           ;
+----------------+-------+------------------------------------------------+
; whichClock     ; 16    ; Signed Integer                                 ;
+----------------+-------+------------------------------------------------+
Note: In order to hide this table in the UI and the text report file, please set the "Show Parameter Settings in Synthesis Report" option in "Analysis and Synthesis Settings -> More Settings" to "Off".


+-------------------------------------------------------------------+
; Parameter Settings for User Entity Instance: scoreReport:display0 ;
+----------------+---------+----------------------------------------+
; Parameter Name ; Value   ; Type                                   ;
+----------------+---------+----------------------------------------+
; ZERO           ; 1000000 ; Unsigned Binary                        ;
; ONE            ; 1111001 ; Unsigned Binary                        ;
; TWO            ; 0100100 ; Unsigned Binary                        ;
; THREE          ; 0110000 ; Unsigned Binary                        ;
; FOUR           ; 0011001 ; Unsigned Binary                        ;
; FIVE           ; 0010010 ; Unsigned Binary                        ;
; SIX            ; 0000010 ; Unsigned Binary                        ;
; SEVEN          ; 1111000 ; Unsigned Binary                        ;
; EIGHT          ; 0000000 ; Unsigned Binary                        ;
; NINE           ; 0010000 ; Unsigned Binary                        ;
+----------------+---------+----------------------------------------+
Note: In order to hide this table in the UI and the text report file, please set the "Show Parameter Settings in Synthesis Report" option in "Analysis and Synthesis Settings -> More Settings" to "Off".


+-------------------------------------------------------------------+
; Parameter Settings for User Entity Instance: scoreReport:display1 ;
+----------------+---------+----------------------------------------+
; Parameter Name ; Value   ; Type                                   ;
+----------------+---------+----------------------------------------+
; ZERO           ; 1000000 ; Unsigned Binary                        ;
; ONE            ; 1111001 ; Unsigned Binary                        ;
; TWO            ; 0100100 ; Unsigned Binary                        ;
; THREE          ; 0110000 ; Unsigned Binary                        ;
; FOUR           ; 0011001 ; Unsigned Binary                        ;
; FIVE           ; 0010010 ; Unsigned Binary                        ;
; SIX            ; 0000010 ; Unsigned Binary                        ;
; SEVEN          ; 1111000 ; Unsigned Binary                        ;
; EIGHT          ; 0000000 ; Unsigned Binary                        ;
; NINE           ; 0010000 ; Unsigned Binary                        ;
+----------------+---------+----------------------------------------+
Note: In order to hide this table in the UI and the text report file, please set the "Show Parameter Settings in Synthesis Report" option in "Analysis and Synthesis Settings -> More Settings" to "Off".


+-------------------------------------------------------------------+
; Parameter Settings for User Entity Instance: scoreReport:display2 ;
+----------------+---------+----------------------------------------+
; Parameter Name ; Value   ; Type                                   ;
+----------------+---------+----------------------------------------+
; ZERO           ; 1000000 ; Unsigned Binary                        ;
; ONE            ; 1111001 ; Unsigned Binary                        ;
; TWO            ; 0100100 ; Unsigned Binary                        ;
; THREE          ; 0110000 ; Unsigned Binary                        ;
; FOUR           ; 0011001 ; Unsigned Binary                        ;
; FIVE           ; 0010010 ; Unsigned Binary                        ;
; SIX            ; 0000010 ; Unsigned Binary                        ;
; SEVEN          ; 1111000 ; Unsigned Binary                        ;
; EIGHT          ; 0000000 ; Unsigned Binary                        ;
; NINE           ; 0010000 ; Unsigned Binary                        ;
+----------------+---------+----------------------------------------+
Note: In order to hide this table in the UI and the text report file, please set the "Show Parameter Settings in Synthesis Report" option in "Analysis and Synthesis Settings -> More Settings" to "Off".


+---------------------------------------------------------------------------------------------------------------------------+
; Port Connectivity Checks: "scoreReport:display2"                                                                          ;
+-----------------+--------+----------+-------------------------------------------------------------------------------------+
; Port            ; Type   ; Severity ; Details                                                                             ;
+-----------------+--------+----------+-------------------------------------------------------------------------------------+
; beginning[5..0] ; Input  ; Info     ; Stuck at GND                                                                        ;
; beginning[6]    ; Input  ; Info     ; Stuck at VCC                                                                        ;
; addOne          ; Output ; Info     ; Connected to dangling logic. Logic that only feeds a dangling port will be removed. ;
+-----------------+--------+----------+-------------------------------------------------------------------------------------+


+---------------------------------------------------+
; Port Connectivity Checks: "scoreReport:display1"  ;
+-----------------+-------+----------+--------------+
; Port            ; Type  ; Severity ; Details      ;
+-----------------+-------+----------+--------------+
; beginning[5..0] ; Input ; Info     ; Stuck at GND ;
; beginning[6]    ; Input ; Info     ; Stuck at VCC ;
+-----------------+-------+----------+--------------+


+---------------------------------------------------+
; Port Connectivity Checks: "scoreReport:display0"  ;
+-----------------+-------+----------+--------------+
; Port            ; Type  ; Severity ; Details      ;
+-----------------+-------+----------+--------------+
; beginning[5..0] ; Input ; Info     ; Stuck at GND ;
; beginning[6]    ; Input ; Info     ; Stuck at VCC ;
+-----------------+-------+----------+--------------+


+---------------------------------------------------------+
; Port Connectivity Checks: "led_matrix_driver:led_array" ;
+-----------------+-------+----------+--------------------+
; Port            ; Type  ; Severity ; Details            ;
+-----------------+-------+----------+--------------------+
; red_array[7..1] ; Input ; Info     ; Stuck at GND       ;
+-----------------+-------+----------+--------------------+


+-----------------------------------------------------+
; Port Connectivity Checks: "CC:l7"                   ;
+-------------------+-------+----------+--------------+
; Port              ; Type  ; Severity ; Details      ;
+-------------------+-------+----------+--------------+
; beginningPosition ; Input ; Info     ; Stuck at GND ;
; nd                ; Input ; Info     ; Stuck at GND ;
; limit             ; Input ; Info     ; Stuck at GND ;
+-------------------+-------+----------+--------------+


+-----------------------------------------------------+
; Port Connectivity Checks: "CC:l6"                   ;
+-------------------+-------+----------+--------------+
; Port              ; Type  ; Severity ; Details      ;
+-------------------+-------+----------+--------------+
; beginningPosition ; Input ; Info     ; Stuck at GND ;
; limit             ; Input ; Info     ; Stuck at GND ;
+-------------------+-------+----------+--------------+


+-----------------------------------------------------+
; Port Connectivity Checks: "CC:l5"                   ;
+-------------------+-------+----------+--------------+
; Port              ; Type  ; Severity ; Details      ;
+-------------------+-------+----------+--------------+
; beginningPosition ; Input ; Info     ; Stuck at GND ;
; limit             ; Input ; Info     ; Stuck at GND ;
+-------------------+-------+----------+--------------+


+-----------------------------------------------------+
; Port Connectivity Checks: "CC:l4"                   ;
+-------------------+-------+----------+--------------+
; Port              ; Type  ; Severity ; Details      ;
+-------------------+-------+----------+--------------+
; beginningPosition ; Input ; Info     ; Stuck at VCC ;
; limit             ; Input ; Info     ; Stuck at GND ;
+-------------------+-------+----------+--------------+


+-----------------------------------------------------+
; Port Connectivity Checks: "CC:l3"                   ;
+-------------------+-------+----------+--------------+
; Port              ; Type  ; Severity ; Details      ;
+-------------------+-------+----------+--------------+
; beginningPosition ; Input ; Info     ; Stuck at GND ;
; limit             ; Input ; Info     ; Stuck at GND ;
+-------------------+-------+----------+--------------+


+-----------------------------------------------------+
; Port Connectivity Checks: "CC:l2"                   ;
+-------------------+-------+----------+--------------+
; Port              ; Type  ; Severity ; Details      ;
+-------------------+-------+----------+--------------+
; beginningPosition ; Input ; Info     ; Stuck at GND ;
; limit             ; Input ; Info     ; Stuck at GND ;
+-------------------+-------+----------+--------------+


+-----------------------------------------------------+
; Port Connectivity Checks: "CC:l1"                   ;
+-------------------+-------+----------+--------------+
; Port              ; Type  ; Severity ; Details      ;
+-------------------+-------+----------+--------------+
; beginningPosition ; Input ; Info     ; Stuck at GND ;
; limit             ; Input ; Info     ; Stuck at GND ;
+-------------------+-------+----------+--------------+


+-----------------------------------------------------+
; Port Connectivity Checks: "CC:l0"                   ;
+-------------------+-------+----------+--------------+
; Port              ; Type  ; Severity ; Details      ;
+-------------------+-------+----------+--------------+
; beginningPosition ; Input ; Info     ; Stuck at GND ;
; nu                ; Input ; Info     ; Stuck at GND ;
; limit             ; Input ; Info     ; Stuck at VCC ;
+-------------------+-------+----------+--------------+


+----------------------------------------------------------------------------------------------------------------------------------+
; Port Connectivity Checks: "clock_divider:cdiv"                                                                                   ;
+------------------------+--------+----------+-------------------------------------------------------------------------------------+
; Port                   ; Type   ; Severity ; Details                                                                             ;
+------------------------+--------+----------+-------------------------------------------------------------------------------------+
; divided_clocks[31..17] ; Output ; Info     ; Connected to dangling logic. Logic that only feeds a dangling port will be removed. ;
; divided_clocks[15..0]  ; Output ; Info     ; Connected to dangling logic. Logic that only feeds a dangling port will be removed. ;
+------------------------+--------+----------+-------------------------------------------------------------------------------------+


+-----------------------------------------------------+
; Post-Synthesis Netlist Statistics for Top Partition ;
+-----------------------+-----------------------------+
; Type                  ; Count                       ;
+-----------------------+-----------------------------+
; arriav_ff             ; 148                         ;
;     ENA               ; 3                           ;
;     ENA SCLR          ; 86                          ;
;     SCLR              ; 25                          ;
;     SLD               ; 3                           ;
;     plain             ; 31                          ;
; arriav_lcell_comb     ; 197                         ;
;     arith             ; 31                          ;
;         1 data inputs ; 30                          ;
;         2 data inputs ; 1                           ;
;     extend            ; 2                           ;
;         7 data inputs ; 2                           ;
;     normal            ; 164                         ;
;         0 data inputs ; 2                           ;
;         1 data inputs ; 12                          ;
;         2 data inputs ; 11                          ;
;         3 data inputs ; 30                          ;
;         4 data inputs ; 42                          ;
;         5 data inputs ; 20                          ;
;         6 data inputs ; 47                          ;
; boundary_port         ; 103                         ;
;                       ;                             ;
; Max LUT depth         ; 3.00                        ;
; Average LUT depth     ; 2.00                        ;
+-----------------------+-----------------------------+


+-------------------------------+
; Elapsed Time Per Partition    ;
+----------------+--------------+
; Partition Name ; Elapsed Time ;
+----------------+--------------+
; Top            ; 00:00:02     ;
+----------------+--------------+


+-------------------------------+
; Analysis & Synthesis Messages ;
+-------------------------------+
Info: *******************************************************************
Info: Running Quartus II 64-Bit Analysis & Synthesis
    Info: Version 14.1.0 Build 186 12/03/2014 SJ Full Version
    Info: Processing started: Thu Mar 09 16:44:53 2017
Info: Command: quartus_map --read_settings_files=on --write_settings_files=off DE1_SoC -c DE1_SoC
Info (20030): Parallel compilation is enabled and will use 4 of the 4 processors detected
Info (12021): Found 2 design units, including 2 entities, in source file lfsr.sv
    Info (12023): Found entity 1: LFSR
    Info (12023): Found entity 2: LFSR_testbench
Info (12021): Found 2 design units, including 2 entities, in source file lfsr_3.sv
    Info (12023): Found entity 1: LFSR_3
    Info (12023): Found entity 2: LFSR_3_testbench
Info (12021): Found 2 design units, including 2 entities, in source file gamestart.sv
    Info (12023): Found entity 1: gameStart
    Info (12023): Found entity 2: gameStart_testbench
Info (12021): Found 2 design units, including 2 entities, in source file cc.sv
    Info (12023): Found entity 1: CC
    Info (12023): Found entity 2: CC_testbench
Info (12021): Found 3 design units, including 3 entities, in source file de1_soc.sv
    Info (12023): Found entity 1: DE1_SoC
    Info (12023): Found entity 2: clock_divider
    Info (12023): Found entity 3: DE1_SoC_testbench
Info (12021): Found 2 design units, including 2 entities, in source file userinput.sv
    Info (12023): Found entity 1: userInput
    Info (12023): Found entity 2: userInput_testbench
Info (12021): Found 2 design units, including 2 entities, in source file pipegenerator.sv
    Info (12023): Found entity 1: pipeGenerator
    Info (12023): Found entity 2: pipeGenerator_testbench
Info (12021): Found 2 design units, including 2 entities, in source file pipeshifter.sv
    Info (12023): Found entity 1: pipeShifter
    Info (12023): Found entity 2: pipeShifter_testbench
Info (12021): Found 2 design units, including 2 entities, in source file gameover.sv
    Info (12023): Found entity 1: gameOver
    Info (12023): Found entity 2: gameOver_testbench
Info (12021): Found 2 design units, including 2 entities, in source file scorereport.sv
    Info (12023): Found entity 1: scoreReport
    Info (12023): Found entity 2: scoreReport_testbench
Info (12021): Found 1 design units, including 1 entities, in source file led_matrix_driver.sv
    Info (12023): Found entity 1: led_matrix_driver
Info (12127): Elaborating entity "DE1_SoC" for the top level hierarchy
Info (12128): Elaborating entity "clock_divider" for hierarchy "clock_divider:cdiv"
Info (12128): Elaborating entity "userInput" for hierarchy "userInput:user"
Info (12128): Elaborating entity "gameStart" for hierarchy "gameStart:gameActivate"
Info (12128): Elaborating entity "CC" for hierarchy "CC:l0"
Info (12128): Elaborating entity "LFSR_3" for hierarchy "LFSR_3:random"
Info (12128): Elaborating entity "LFSR" for hierarchy "LFSR_3:random|LFSR:bit0"
Info (12128): Elaborating entity "pipeGenerator" for hierarchy "pipeGenerator:pipe0"
Info (12128): Elaborating entity "pipeShifter" for hierarchy "pipeShifter:pipe1"
Info (12128): Elaborating entity "led_matrix_driver" for hierarchy "led_matrix_driver:led_array"
Info (12128): Elaborating entity "gameOver" for hierarchy "gameOver:isOver"
Info (12128): Elaborating entity "scoreReport" for hierarchy "scoreReport:display0"
Info (286030): Timing-Driven Synthesis is running
Info (17049): 15 registers lost all their fanouts during netlist optimizations.
Info (144001): Generated suppressed messages file U:/EE271/Lab8/output_files/DE1_SoC.map.smsg
Info (16010): Generating hard_block partition "hard_block:auto_generated_inst"
    Info (16011): Adding 0 node(s), including 0 DDIO, 0 PLL, 0 transceiver and 0 LCELL
Info (21057): Implemented 357 device resources after synthesis - the final resource count might be different
    Info (21058): Implemented 15 input pins
    Info (21059): Implemented 88 output pins
    Info (21061): Implemented 254 logic cells
Info: Quartus II 64-Bit Analysis & Synthesis was successful. 0 errors, 0 warnings
    Info: Peak virtual memory: 736 megabytes
    Info: Processing ended: Thu Mar 09 16:45:18 2017
    Info: Elapsed time: 00:00:25
    Info: Total CPU time (on all processors): 00:00:25


+------------------------------------------+
; Analysis & Synthesis Suppressed Messages ;
+------------------------------------------+
The suppressed messages can be found in U:/EE271/Lab8/output_files/DE1_SoC.map.smsg.


